app/build/intermediates/manifest_merge_blame_file/debug/manifest-merger-blame-debug-report.txt
1<?xml version="1.0" encoding="utf-8"?>
2<manifest xmlns:android="http://schemas.android.com/apk/res/android"
3    package="com.aodmone.sormnilan"
4    android:versionCode="1"
5    android:versionName="1.0" >
6
7    <uses-sdk
8        android:minSdkVersion="21"
8-->src\main\AndroidManifest.xml
9        android:targetSdkVersion="32" />
9-->src\main\AndroidManifest.xml
10
11    <uses-feature android:name="android.hardware.camera" />
11-->[:vclibs] AndroidManifest.xml:9:5-60
11-->[:vclibs] AndroidManifest.xml:9:19-57
12    <uses-feature android:name="android.hardware.camera.front" />
12-->[:vclibs] AndroidManifest.xml:10:5-66
12-->[:vclibs] AndroidManifest.xml:10:19-63
13
14    <uses-permission android:name="android.permission.CAMERA" />
14-->[:vclibs] AndroidManifest.xml:12:5-65
14-->[:vclibs] AndroidManifest.xml:12:22-62
15
16    <uses-feature android:name="android.hardware.microphone" />
16-->[:vclibs] AndroidManifest.xml:14:5-64
16-->[:vclibs] AndroidManifest.xml:14:19-61
17
18    <uses-permission android:name="android.permission.RECORD_AUDIO" />
18-->[:vclibs] AndroidManifest.xml:16:5-71
18-->[:vclibs] AndroidManifest.xml:16:22-68
19    <uses-permission android:name="android.permission.MODIFY_AUDIO_SETTINGS" />
19-->[:vclibs] AndroidManifest.xml:17:5-80
19-->[:vclibs] AndroidManifest.xml:17:22-77
20    <uses-permission android:name="android.permission.BLUETOOTH" />
20-->[:vclibs] AndroidManifest.xml:18:5-68
20-->[:vclibs] AndroidManifest.xml:18:22-65
21    <uses-permission android:name="android.permission.BLUETOOTH_ADMIN" />
21-->[:vclibs] AndroidManifest.xml:19:5-74
21-->[:vclibs] AndroidManifest.xml:19:22-71
22    <uses-permission android:name="android.permission.INTERNET" />
22-->[:vclibs] AndroidManifest.xml:20:5-67
22-->[:vclibs] AndroidManifest.xml:20:22-64
23    <uses-permission android:name="android.permission.CHANGE_NETWORK_STATE" />
23-->[:vclibs] AndroidManifest.xml:21:5-79
23-->[:vclibs] AndroidManifest.xml:21:22-76
24    <uses-permission android:name="android.permission.ACCESS_NETWORK_STATE" />
24-->[:vclibs] AndroidManifest.xml:22:5-79
24-->[:vclibs] AndroidManifest.xml:22:22-76
25    <uses-permission android:name="android.permission.ACCESS_WIFI_STATE" />
25-->[:vclibs] AndroidManifest.xml:23:5-76
25-->[:vclibs] AndroidManifest.xml:23:22-73
26    <uses-permission android:name="android.permission.VIBRATE" />
26-->[:vclibs] AndroidManifest.xml:24:5-66
26-->[:vclibs] AndroidManifest.xml:24:22-63
27    <uses-permission android:name="android.permission.WAKE_LOCK" />
27-->[:vclibs] AndroidManifest.xml:25:5-68
27-->[:vclibs] AndroidManifest.xml:25:22-65
28    <uses-permission android:name="android.permission.FOREGROUND_SERVICE" /> <!-- Create a unique permission for your app and use it so only your app can receive your OneSignal messages. -->
28-->[:vclibs] AndroidManifest.xml:26:5-77
28-->[:vclibs] AndroidManifest.xml:26:22-74
29    <permission
29-->[com.onesignal:OneSignal:4.8.4] AndroidManifest.xml:7:5-9:47
30        android:name="com.aodmone.sormnilan.permission.C2D_MESSAGE"
30-->[com.onesignal:OneSignal:4.8.4] AndroidManifest.xml:8:9-63
31        android:protectionLevel="signature" />
31-->[com.onesignal:OneSignal:4.8.4] AndroidManifest.xml:9:9-44
32
33    <uses-permission android:name="com.aodmone.sormnilan.permission.C2D_MESSAGE" /> <!-- OneSignal SDK has runtime checks Android version. -->
33-->[com.onesignal:OneSignal:4.8.4] AndroidManifest.xml:11:5-79
33-->[com.onesignal:OneSignal:4.8.4] AndroidManifest.xml:11:22-76
34    <!-- <uses-sdk tools:overrideLibrary="android.support.customtabs"/> -->
35    <!-- Required runtime permission to display notifications on Android 13 -->
36    <uses-permission android:name="android.permission.POST_NOTIFICATIONS" /> <!-- c2dm RECEIVE are basic requirements for push messages through Google's FCM -->
36-->[com.onesignal:OneSignal:4.8.4] AndroidManifest.xml:16:5-77
36-->[com.onesignal:OneSignal:4.8.4] AndroidManifest.xml:16:22-74
37    <uses-permission android:name="com.google.android.c2dm.permission.RECEIVE" />
37-->[com.onesignal:OneSignal:4.8.4] AndroidManifest.xml:18:5-82
37-->[com.onesignal:OneSignal:4.8.4] AndroidManifest.xml:18:22-79
38    <!--
39 Use to restore notifications the user hasn't interacted with.
40         They could be missed notifications if the user reboots their device if this isn't in place.
41    -->
42    <uses-permission android:name="android.permission.RECEIVE_BOOT_COMPLETED" /> <!-- START: ShortcutBadger -->
42-->[com.onesignal:OneSignal:4.8.4] AndroidManifest.xml:30:5-81
42-->[com.onesignal:OneSignal:4.8.4] AndroidManifest.xml:30:22-78
43    <!-- Samsung -->
44    <uses-permission android:name="com.sec.android.provider.badge.permission.READ" />
44-->[com.onesignal:OneSignal:4.8.4] AndroidManifest.xml:32:5-86
44-->[com.onesignal:OneSignal:4.8.4] AndroidManifest.xml:32:22-83
45    <uses-permission android:name="com.sec.android.provider.badge.permission.WRITE" /> <!-- HTC -->
45-->[com.onesignal:OneSignal:4.8.4] AndroidManifest.xml:33:5-87
45-->[com.onesignal:OneSignal:4.8.4] AndroidManifest.xml:33:22-84
46    <uses-permission android:name="com.htc.launcher.permission.READ_SETTINGS" />
46-->[com.onesignal:OneSignal:4.8.4] AndroidManifest.xml:34:5-81
46-->[com.onesignal:OneSignal:4.8.4] AndroidManifest.xml:34:22-78
47    <uses-permission android:name="com.htc.launcher.permission.UPDATE_SHORTCUT" /> <!-- Sony -->
47-->[com.onesignal:OneSignal:4.8.4] AndroidManifest.xml:35:5-83
47-->[com.onesignal:OneSignal:4.8.4] AndroidManifest.xml:35:22-80
48    <uses-permission android:name="com.sonyericsson.home.permission.BROADCAST_BADGE" />
48-->[com.onesignal:OneSignal:4.8.4] AndroidManifest.xml:36:5-88
48-->[com.onesignal:OneSignal:4.8.4] AndroidManifest.xml:36:22-85
49    <uses-permission android:name="com.sonymobile.home.permission.PROVIDER_INSERT_BADGE" /> <!-- Apex -->
49-->[com.onesignal:OneSignal:4.8.4] AndroidManifest.xml:37:5-92
49-->[com.onesignal:OneSignal:4.8.4] AndroidManifest.xml:37:22-89
50    <uses-permission android:name="com.anddoes.launcher.permission.UPDATE_COUNT" /> <!-- Solid -->
50-->[com.onesignal:OneSignal:4.8.4] AndroidManifest.xml:38:5-84
50-->[com.onesignal:OneSignal:4.8.4] AndroidManifest.xml:38:22-81
51    <uses-permission android:name="com.majeur.launcher.permission.UPDATE_BADGE" /> <!-- Huawei -->
51-->[com.onesignal:OneSignal:4.8.4] AndroidManifest.xml:39:5-83
51-->[com.onesignal:OneSignal:4.8.4] AndroidManifest.xml:39:22-80
52    <uses-permission android:name="com.huawei.android.launcher.permission.CHANGE_BADGE" />
52-->[com.onesignal:OneSignal:4.8.4] AndroidManifest.xml:40:5-91
52-->[com.onesignal:OneSignal:4.8.4] AndroidManifest.xml:40:22-88
53    <uses-permission android:name="com.huawei.android.launcher.permission.READ_SETTINGS" />
53-->[com.onesignal:OneSignal:4.8.4] AndroidManifest.xml:41:5-92
53-->[com.onesignal:OneSignal:4.8.4] AndroidManifest.xml:41:22-89
54    <uses-permission android:name="com.huawei.android.launcher.permission.WRITE_SETTINGS" /> <!-- ZUK -->
54-->[com.onesignal:OneSignal:4.8.4] AndroidManifest.xml:42:5-93
54-->[com.onesignal:OneSignal:4.8.4] AndroidManifest.xml:42:22-90
55    <uses-permission android:name="android.permission.READ_APP_BADGE" /> <!-- OPPO -->
55-->[com.onesignal:OneSignal:4.8.4] AndroidManifest.xml:43:5-73
55-->[com.onesignal:OneSignal:4.8.4] AndroidManifest.xml:43:22-70
56    <uses-permission android:name="com.oppo.launcher.permission.READ_SETTINGS" />
56-->[com.onesignal:OneSignal:4.8.4] AndroidManifest.xml:44:5-82
56-->[com.onesignal:OneSignal:4.8.4] AndroidManifest.xml:44:22-79
57    <uses-permission android:name="com.oppo.launcher.permission.WRITE_SETTINGS" /> <!-- EvMe -->
57-->[com.onesignal:OneSignal:4.8.4] AndroidManifest.xml:45:5-83
57-->[com.onesignal:OneSignal:4.8.4] AndroidManifest.xml:45:22-80
58    <uses-permission android:name="me.everything.badger.permission.BADGE_COUNT_READ" />
58-->[com.onesignal:OneSignal:4.8.4] AndroidManifest.xml:46:5-88
58-->[com.onesignal:OneSignal:4.8.4] AndroidManifest.xml:46:22-85
59    <uses-permission android:name="me.everything.badger.permission.BADGE_COUNT_WRITE" />
59-->[com.onesignal:OneSignal:4.8.4] AndroidManifest.xml:47:5-89
59-->[com.onesignal:OneSignal:4.8.4] AndroidManifest.xml:47:22-86
60    <uses-permission android:name="com.google.android.finsky.permission.BIND_GET_INSTALL_REFERRER_SERVICE" />
60-->[com.google.android.gms:play-services-measurement:21.2.0] AndroidManifest.xml:26:5-110
60-->[com.google.android.gms:play-services-measurement:21.2.0] AndroidManifest.xml:26:22-107
61    <uses-permission android:name="com.google.android.gms.permission.AD_ID" /> <!-- Android package visibility setting -->
61-->[com.google.android.gms:play-services-measurement-api:21.2.0] AndroidManifest.xml:25:5-79
61-->[com.google.android.gms:play-services-measurement-api:21.2.0] AndroidManifest.xml:25:22-76
62    <queries>
62-->[com.google.android.gms:play-services-ads-lite:21.2.0] AndroidManifest.xml:28:5-44:15
63
64        <!-- For browser content -->
65        <intent>
65-->[com.google.android.gms:play-services-ads-lite:21.2.0] AndroidManifest.xml:31:9-37:18
66            <action android:name="android.intent.action.VIEW" />
66-->[com.onesignal:OneSignal:4.8.4] AndroidManifest.xml:77:17-69
66-->[com.onesignal:OneSignal:4.8.4] AndroidManifest.xml:77:25-66
67
68            <category android:name="android.intent.category.BROWSABLE" />
68-->[com.google.android.gms:play-services-ads-lite:21.2.0] AndroidManifest.xml:34:13-74
68-->[com.google.android.gms:play-services-ads-lite:21.2.0] AndroidManifest.xml:34:23-71
69
70            <data android:scheme="https" />
70-->[com.google.android.gms:play-services-ads-lite:21.2.0] AndroidManifest.xml:36:13-44
70-->[com.google.android.gms:play-services-ads-lite:21.2.0] AndroidManifest.xml:36:19-41
71        </intent>
72        <!-- End of browser content -->
73        <!-- For CustomTabsService -->
74        <intent>
74-->[com.google.android.gms:play-services-ads-lite:21.2.0] AndroidManifest.xml:40:9-42:18
75            <action android:name="android.support.customtabs.action.CustomTabsService" />
75-->[com.google.android.gms:play-services-ads-lite:21.2.0] AndroidManifest.xml:41:13-90
75-->[com.google.android.gms:play-services-ads-lite:21.2.0] AndroidManifest.xml:41:21-87
76        </intent>
77        <!-- End of CustomTabsService -->
78        <package android:name="com.facebook.katana" />
78-->[com.facebook.android:audience-network-sdk:6.12.0] AndroidManifest.xml:12:9-55
78-->[com.facebook.android:audience-network-sdk:6.12.0] AndroidManifest.xml:12:18-52
79    </queries>
80
81    <application
81-->src\main\AndroidManifest.xml:7:5-31:19
82        android:name="com.gerop.mpsvue.AppVC"
82-->[:vclibs] AndroidManifest.xml:29:9-46
83        android:allowBackup="true"
83-->src\main\AndroidManifest.xml:8:9-35
84        android:appComponentFactory="androidx.core.app.CoreComponentFactory"
84-->[androidx.core:core:1.8.0] AndroidManifest.xml:24:18-86
85        android:debuggable="true"
86        android:hardwareAccelerated="true"
86-->src\main\AndroidManifest.xml:9:9-43
87        android:icon="@drawable/logo"
87-->src\main\AndroidManifest.xml:10:9-38
88        android:label="@string/app_name"
88-->src\main\AndroidManifest.xml:11:9-41
89        android:largeHeap="true"
89-->src\main\AndroidManifest.xml:12:9-33
90        android:networkSecurityConfig="@xml/sdk_captive_portal_network_security"
90-->[com.github.AnchorFreePartner.hydra-sdk-android:sdk-core:3.6.3] AndroidManifest.xml:16:9-81
91        android:roundIcon="@drawable/logo"
91-->[:vclibs] AndroidManifest.xml:33:9-43
92        android:screenOrientation="portrait"
92-->src\main\AndroidManifest.xml:13:9-45
93        android:supportsRtl="true"
93-->src\main\AndroidManifest.xml:14:9-35
94        android:testOnly="true"
95        android:theme="@style/Theme.DevStyVC"
95-->src\main\AndroidManifest.xml:15:9-46
96        android:usesCleartextTraffic="true" >
96-->src\main\AndroidManifest.xml:16:9-44
97        <activity
97-->src\main\AndroidManifest.xml:19:9-27:20
98            android:name="com.aodmone.sormnilan.Splash_Activity"
98-->src\main\AndroidManifest.xml:20:13-65
99            android:exported="true" >
99-->src\main\AndroidManifest.xml:21:13-36
100            <intent-filter>
100-->src\main\AndroidManifest.xml:22:13-25:29
101                <action android:name="android.intent.action.MAIN" />
101-->src\main\AndroidManifest.xml:23:17-69
101-->src\main\AndroidManifest.xml:23:25-66
102
103                <category android:name="android.intent.category.LAUNCHER" />
103-->src\main\AndroidManifest.xml:24:17-77
103-->src\main\AndroidManifest.xml:24:27-74
104            </intent-filter>
105        </activity>
106        <activity
106-->[:vclibs] AndroidManifest.xml:35:9-37:52
107            android:name="com.gerop.mpsvue.activties.PravacyPolicyActivity"
107-->[:vclibs] AndroidManifest.xml:36:13-76
108            android:screenOrientation="portrait" />
108-->[:vclibs] AndroidManifest.xml:37:13-49
109        <activity
109-->[:vclibs] AndroidManifest.xml:38:9-42:89
110            android:name="com.gerop.mpsvue.activties.MainHomeActivity"
110-->[:vclibs] AndroidManifest.xml:39:13-71
111            android:launchMode="singleTop"
111-->[:vclibs] AndroidManifest.xml:40:13-43
112            android:screenOrientation="portrait"
112-->[:vclibs] AndroidManifest.xml:41:13-49
113            android:windowSoftInputMode="adjustNothing|stateAlwaysHidden|stateHidden" />
113-->[:vclibs] AndroidManifest.xml:42:13-86
114        <activity
114-->[:vclibs] AndroidManifest.xml:43:9-47:89
115            android:name="com.gerop.mpsvue.activties.VideoPlayerActivity"
115-->[:vclibs] AndroidManifest.xml:44:13-74
116            android:launchMode="singleTop"
116-->[:vclibs] AndroidManifest.xml:45:13-43
117            android:screenOrientation="portrait"
117-->[:vclibs] AndroidManifest.xml:46:13-49
118            android:windowSoftInputMode="adjustNothing|stateAlwaysHidden|stateHidden" />
118-->[:vclibs] AndroidManifest.xml:47:13-86
119
120        <meta-data
120-->[:vclibs] AndroidManifest.xml:49:9-51:36
121            android:name="com.google.android.gms.ads.AD_MANAGER_APP"
121-->[:vclibs] AndroidManifest.xml:50:13-69
122            android:value="true" />
122-->[:vclibs] AndroidManifest.xml:51:13-33
123
124        <activity
124-->[:vclibs] AndroidManifest.xml:53:9-55:52
125            android:name="com.gerop.mpsvue.unitlity.TestActivity_1"
125-->[:vclibs] AndroidManifest.xml:54:13-68
126            android:screenOrientation="portrait" />
126-->[:vclibs] AndroidManifest.xml:55:13-49
127        <activity
127-->[:vclibs] AndroidManifest.xml:56:9-58:52
128            android:name="com.gerop.mpsvue.unitlity.TestActivity_2"
128-->[:vclibs] AndroidManifest.xml:57:13-68
129            android:screenOrientation="portrait" />
129-->[:vclibs] AndroidManifest.xml:58:13-49
130        <activity
130-->[:vclibs] AndroidManifest.xml:59:9-61:52
131            android:name="com.gerop.mpsvue.unitlity.TestActivity_3"
131-->[:vclibs] AndroidManifest.xml:60:13-68
132            android:screenOrientation="portrait" />
132-->[:vclibs] AndroidManifest.xml:61:13-49
133        <activity
133-->[:vclibs] AndroidManifest.xml:62:9-64:52
134            android:name="com.gerop.mpsvue.unitlity.TestActivity_4"
134-->[:vclibs] AndroidManifest.xml:63:13-68
135            android:screenOrientation="portrait" />
135-->[:vclibs] AndroidManifest.xml:64:13-49
136        <activity
136-->[:vclibs] AndroidManifest.xml:65:9-67:52
137            android:name="com.gerop.mpsvue.unitlity.TestActivity_5"
137-->[:vclibs] AndroidManifest.xml:66:13-68
138            android:screenOrientation="portrait" />
138-->[:vclibs] AndroidManifest.xml:67:13-49
139        <activity
139-->[:vclibs] AndroidManifest.xml:68:9-70:52
140            android:name="com.gerop.mpsvue.unitlity.TestActivity_6"
140-->[:vclibs] AndroidManifest.xml:69:13-68
141            android:screenOrientation="portrait" />
141-->[:vclibs] AndroidManifest.xml:70:13-49
142        <activity
142-->[:vclibs] AndroidManifest.xml:71:9-73:52
143            android:name="com.gerop.mpsvue.unitlity.TestActivity_7"
143-->[:vclibs] AndroidManifest.xml:72:13-68
144            android:screenOrientation="portrait" />
144-->[:vclibs] AndroidManifest.xml:73:13-49
145        <activity
145-->[:vclibs] AndroidManifest.xml:74:9-76:52
146            android:name="com.gerop.mpsvue.unitlity.TestActivity_8"
146-->[:vclibs] AndroidManifest.xml:75:13-68
147            android:screenOrientation="portrait" />
147-->[:vclibs] AndroidManifest.xml:76:13-49
148        <activity
148-->[:vclibs] AndroidManifest.xml:77:9-79:52
149            android:name="com.gerop.mpsvue.unitlity.TestActivity_9"
149-->[:vclibs] AndroidManifest.xml:78:13-68
150            android:screenOrientation="portrait" />
150-->[:vclibs] AndroidManifest.xml:79:13-49
151        <activity
151-->[:vclibs] AndroidManifest.xml:80:9-82:52
152            android:name="com.gerop.mpsvue.unitlity.TestActivity_10"
152-->[:vclibs] AndroidManifest.xml:81:13-69
153            android:screenOrientation="portrait" />
153-->[:vclibs] AndroidManifest.xml:82:13-49
154
155        <receiver
155-->[com.onesignal:OneSignal:4.8.4] AndroidManifest.xml:50:9-61:20
156            android:name="com.onesignal.FCMBroadcastReceiver"
156-->[com.onesignal:OneSignal:4.8.4] AndroidManifest.xml:51:13-62
157            android:exported="true"
157-->[com.onesignal:OneSignal:4.8.4] AndroidManifest.xml:52:13-36
158            android:permission="com.google.android.c2dm.permission.SEND" >
158-->[com.onesignal:OneSignal:4.8.4] AndroidManifest.xml:53:13-73
159
160            <!-- High priority so OneSignal payloads can be filtered from other FCM receivers -->
161            <intent-filter android:priority="999" >
161-->[com.onesignal:OneSignal:4.8.4] AndroidManifest.xml:56:13-60:29
161-->[com.onesignal:OneSignal:4.8.4] AndroidManifest.xml:56:28-50
162                <action android:name="com.google.android.c2dm.intent.RECEIVE" />
162-->[com.onesignal:OneSignal:4.8.4] AndroidManifest.xml:57:17-81
162-->[com.onesignal:OneSignal:4.8.4] AndroidManifest.xml:57:25-78
163
164                <category android:name="com.aodmone.sormnilan" />
164-->[com.onesignal:OneSignal:4.8.4] AndroidManifest.xml:59:17-61
164-->[com.onesignal:OneSignal:4.8.4] AndroidManifest.xml:59:27-58
165            </intent-filter>
166        </receiver>
167
168        <service
168-->[com.onesignal:OneSignal:4.8.4] AndroidManifest.xml:63:9-69:19
169            android:name="com.onesignal.HmsMessageServiceOneSignal"
169-->[com.onesignal:OneSignal:4.8.4] AndroidManifest.xml:64:13-68
170            android:exported="false" >
170-->[com.onesignal:OneSignal:4.8.4] AndroidManifest.xml:65:13-37
171            <intent-filter>
171-->[com.onesignal:OneSignal:4.8.4] AndroidManifest.xml:66:13-68:29
172                <action android:name="com.huawei.push.action.MESSAGING_EVENT" />
172-->[com.onesignal:OneSignal:4.8.4] AndroidManifest.xml:67:17-81
172-->[com.onesignal:OneSignal:4.8.4] AndroidManifest.xml:67:25-78
173            </intent-filter>
174        </service>
175
176        <activity
176-->[com.onesignal:OneSignal:4.8.4] AndroidManifest.xml:71:9-79:20
177            android:name="com.onesignal.NotificationOpenedActivityHMS"
177-->[com.onesignal:OneSignal:4.8.4] AndroidManifest.xml:72:13-71
178            android:exported="true"
178-->[com.onesignal:OneSignal:4.8.4] AndroidManifest.xml:73:13-36
179            android:noHistory="true"
179-->[com.onesignal:OneSignal:4.8.4] AndroidManifest.xml:74:13-37
180            android:theme="@android:style/Theme.Translucent.NoTitleBar" >
180-->[com.onesignal:OneSignal:4.8.4] AndroidManifest.xml:75:13-72
181            <intent-filter>
181-->[com.onesignal:OneSignal:4.8.4] AndroidManifest.xml:76:13-78:29
182                <action android:name="android.intent.action.VIEW" />
182-->[com.onesignal:OneSignal:4.8.4] AndroidManifest.xml:77:17-69
182-->[com.onesignal:OneSignal:4.8.4] AndroidManifest.xml:77:25-66
183            </intent-filter>
184        </activity>
185
186        <service
186-->[com.onesignal:OneSignal:4.8.4] AndroidManifest.xml:81:9-83:40
187            android:name="com.onesignal.FCMIntentService"
187-->[com.onesignal:OneSignal:4.8.4] AndroidManifest.xml:82:13-58
188            android:exported="false" />
188-->[com.onesignal:OneSignal:4.8.4] AndroidManifest.xml:83:13-37
189        <service
189-->[com.onesignal:OneSignal:4.8.4] AndroidManifest.xml:84:9-87:72
190            android:name="com.onesignal.FCMIntentJobService"
190-->[com.onesignal:OneSignal:4.8.4] AndroidManifest.xml:85:13-61
191            android:exported="false"
191-->[com.onesignal:OneSignal:4.8.4] AndroidManifest.xml:86:13-37
192            android:permission="android.permission.BIND_JOB_SERVICE" />
192-->[com.onesignal:OneSignal:4.8.4] AndroidManifest.xml:87:13-69
193        <service
193-->[com.onesignal:OneSignal:4.8.4] AndroidManifest.xml:88:9-91:43
194            android:name="com.onesignal.SyncService"
194-->[com.onesignal:OneSignal:4.8.4] AndroidManifest.xml:89:13-53
195            android:exported="false"
195-->[com.onesignal:OneSignal:4.8.4] AndroidManifest.xml:90:13-37
196            android:stopWithTask="true" />
196-->[com.onesignal:OneSignal:4.8.4] AndroidManifest.xml:91:13-40
197        <service
197-->[com.onesignal:OneSignal:4.8.4] AndroidManifest.xml:92:9-95:72
198            android:name="com.onesignal.SyncJobService"
198-->[com.onesignal:OneSignal:4.8.4] AndroidManifest.xml:93:13-56
199            android:exported="false"
199-->[com.onesignal:OneSignal:4.8.4] AndroidManifest.xml:94:13-37
200            android:permission="android.permission.BIND_JOB_SERVICE" />
200-->[com.onesignal:OneSignal:4.8.4] AndroidManifest.xml:95:13-69
201
202        <activity
202-->[com.onesignal:OneSignal:4.8.4] AndroidManifest.xml:97:9-100:75
203            android:name="com.onesignal.PermissionsActivity"
203-->[com.onesignal:OneSignal:4.8.4] AndroidManifest.xml:98:13-61
204            android:exported="false"
204-->[com.onesignal:OneSignal:4.8.4] AndroidManifest.xml:99:13-37
205            android:theme="@android:style/Theme.Translucent.NoTitleBar" />
205-->[com.onesignal:OneSignal:4.8.4] AndroidManifest.xml:100:13-72
206
207        <receiver
207-->[com.onesignal:OneSignal:4.8.4] AndroidManifest.xml:102:9-104:39
208            android:name="com.onesignal.NotificationDismissReceiver"
208-->[com.onesignal:OneSignal:4.8.4] AndroidManifest.xml:103:13-69
209            android:exported="true" />
209-->[com.onesignal:OneSignal:4.8.4] AndroidManifest.xml:104:13-36
210        <receiver
210-->[com.onesignal:OneSignal:4.8.4] AndroidManifest.xml:105:9-112:20
211            android:name="com.onesignal.BootUpReceiver"
211-->[com.onesignal:OneSignal:4.8.4] AndroidManifest.xml:106:13-56
212            android:exported="true" >
212-->[com.onesignal:OneSignal:4.8.4] AndroidManifest.xml:107:13-36
213            <intent-filter>
213-->[com.onesignal:OneSignal:4.8.4] AndroidManifest.xml:108:13-111:29
214                <action android:name="android.intent.action.BOOT_COMPLETED" />
214-->[com.onesignal:OneSignal:4.8.4] AndroidManifest.xml:109:17-79
214-->[com.onesignal:OneSignal:4.8.4] AndroidManifest.xml:109:25-76
215                <action android:name="android.intent.action.QUICKBOOT_POWERON" />
215-->[com.onesignal:OneSignal:4.8.4] AndroidManifest.xml:110:17-82
215-->[com.onesignal:OneSignal:4.8.4] AndroidManifest.xml:110:25-79
216            </intent-filter>
217        </receiver>
218        <receiver
218-->[com.onesignal:OneSignal:4.8.4] AndroidManifest.xml:113:9-119:20
219            android:name="com.onesignal.UpgradeReceiver"
219-->[com.onesignal:OneSignal:4.8.4] AndroidManifest.xml:114:13-57
220            android:exported="true" >
220-->[com.onesignal:OneSignal:4.8.4] AndroidManifest.xml:115:13-36
221            <intent-filter>
221-->[com.onesignal:OneSignal:4.8.4] AndroidManifest.xml:116:13-118:29
222                <action android:name="android.intent.action.MY_PACKAGE_REPLACED" />
222-->[com.onesignal:OneSignal:4.8.4] AndroidManifest.xml:117:17-84
222-->[com.onesignal:OneSignal:4.8.4] AndroidManifest.xml:117:25-81
223            </intent-filter>
224        </receiver>
225
226        <activity
226-->[com.onesignal:OneSignal:4.8.4] AndroidManifest.xml:121:9-127:75
227            android:name="com.onesignal.NotificationOpenedReceiver"
227-->[com.onesignal:OneSignal:4.8.4] AndroidManifest.xml:122:13-68
228            android:excludeFromRecents="true"
228-->[com.onesignal:OneSignal:4.8.4] AndroidManifest.xml:123:13-46
229            android:exported="true"
229-->[com.onesignal:OneSignal:4.8.4] AndroidManifest.xml:124:13-36
230            android:noHistory="true"
230-->[com.onesignal:OneSignal:4.8.4] AndroidManifest.xml:125:13-37
231            android:taskAffinity=""
231-->[com.onesignal:OneSignal:4.8.4] AndroidManifest.xml:126:13-36
232            android:theme="@android:style/Theme.Translucent.NoTitleBar" />
232-->[com.onesignal:OneSignal:4.8.4] AndroidManifest.xml:127:13-72
233        <activity
233-->[com.onesignal:OneSignal:4.8.4] AndroidManifest.xml:128:9-133:75
234            android:name="com.onesignal.NotificationOpenedReceiverAndroid22AndOlder"
234-->[com.onesignal:OneSignal:4.8.4] AndroidManifest.xml:129:13-85
235            android:excludeFromRecents="true"
235-->[com.onesignal:OneSignal:4.8.4] AndroidManifest.xml:130:13-46
236            android:exported="true"
236-->[com.onesignal:OneSignal:4.8.4] AndroidManifest.xml:131:13-36
237            android:noHistory="true"
237-->[com.onesignal:OneSignal:4.8.4] AndroidManifest.xml:132:13-37
238            android:theme="@android:style/Theme.Translucent.NoTitleBar" />
238-->[com.onesignal:OneSignal:4.8.4] AndroidManifest.xml:133:13-72
239        <activity
239-->[pub.devrel:easypermissions:3.0.0] AndroidManifest.xml:12:9-16:66
240            android:name="pub.devrel.easypermissions.AppSettingsDialogHolderActivity"
240-->[pub.devrel:easypermissions:3.0.0] AndroidManifest.xml:13:13-86
241            android:exported="false"
241-->[pub.devrel:easypermissions:3.0.0] AndroidManifest.xml:14:13-37
242            android:label=""
242-->[pub.devrel:easypermissions:3.0.0] AndroidManifest.xml:15:13-29
243            android:theme="@style/EasyPermissions.Transparent" />
243-->[pub.devrel:easypermissions:3.0.0] AndroidManifest.xml:16:13-63
244
245        <meta-data
245-->[com.github.AnchorFreePartner.hydra-sdk-android:openvpn:3.4.17] AndroidManifest.xml:12:9-14:58
246            android:name="com.anchorfree.vpnsdk.vpn_config.openvpn"
246-->[com.github.AnchorFreePartner.hydra-sdk-android:openvpn:3.4.17] AndroidManifest.xml:13:13-68
247            android:resource="@raw/openvpn_vpn_config" />
247-->[com.github.AnchorFreePartner.hydra-sdk-android:openvpn:3.4.17] AndroidManifest.xml:14:13-55
248        <meta-data
248-->[com.github.AnchorFreePartner.hydra-sdk-android:sdk:3.6.3] AndroidManifest.xml:10:9-12:63
249            android:name="com.anchorfree.sdk.transports"
249-->[com.github.AnchorFreePartner.hydra-sdk-android:sdk:3.6.3] AndroidManifest.xml:11:13-57
250            android:resource="@raw/hydra_transports_config" />
250-->[com.github.AnchorFreePartner.hydra-sdk-android:sdk:3.6.3] AndroidManifest.xml:12:13-60
251        <meta-data
251-->[com.github.AnchorFreePartner.hydra-sdk-android:hydra:3.6.3] AndroidManifest.xml:10:9-12:56
252            android:name="com.anchorfree.vpnsdk.vpn_config.hydra"
252-->[com.github.AnchorFreePartner.hydra-sdk-android:hydra:3.6.3] AndroidManifest.xml:11:13-66
253            android:resource="@raw/hydra_vpn_config" />
253-->[com.github.AnchorFreePartner.hydra-sdk-android:hydra:3.6.3] AndroidManifest.xml:12:13-53
254
255        <provider
255-->[com.github.AnchorFreePartner.hydra-sdk-android:hydra:3.6.3] AndroidManifest.xml:14:9-18:37
256            android:name="com.anchorfree.sdk.HydraTransportInitProvider"
256-->[com.github.AnchorFreePartner.hydra-sdk-android:hydra:3.6.3] AndroidManifest.xml:15:13-73
257            android:authorities="com.aodmone.sormnilan.sdk.transport.hydra"
257-->[com.github.AnchorFreePartner.hydra-sdk-android:hydra:3.6.3] AndroidManifest.xml:16:13-71
258            android:exported="false"
258-->[com.github.AnchorFreePartner.hydra-sdk-android:hydra:3.6.3] AndroidManifest.xml:17:13-37
259            android:initOrder="1" />
259-->[com.github.AnchorFreePartner.hydra-sdk-android:hydra:3.6.3] AndroidManifest.xml:18:13-34
260        <provider
260-->[com.github.AnchorFreePartner.hydra-sdk-android:sdk-core:3.6.3] AndroidManifest.xml:18:9-22:37
261            android:name="com.anchorfree.sdk.DBProvider"
261-->[com.github.AnchorFreePartner.hydra-sdk-android:sdk-core:3.6.3] AndroidManifest.xml:19:13-57
262            android:authorities="com.aodmone.sormnilan.hydra.sdk.db.provider"
262-->[com.github.AnchorFreePartner.hydra-sdk-android:sdk-core:3.6.3] AndroidManifest.xml:20:13-73
263            android:exported="false"
263-->[com.github.AnchorFreePartner.hydra-sdk-android:sdk-core:3.6.3] AndroidManifest.xml:21:13-37
264            android:initOrder="1" />
264-->[com.github.AnchorFreePartner.hydra-sdk-android:sdk-core:3.6.3] AndroidManifest.xml:22:13-34
265
266        <meta-data
266-->[com.github.AnchorFreePartner.hydra-sdk-android:sdk-core:3.6.3] AndroidManifest.xml:24:9-26:55
267            android:name="com.anchorfree.vpnsdk.vpn_config"
267-->[com.github.AnchorFreePartner.hydra-sdk-android:sdk-core:3.6.3] AndroidManifest.xml:25:13-60
268            android:resource="@raw/core_vpn_config" />
268-->[com.github.AnchorFreePartner.hydra-sdk-android:sdk-core:3.6.3] AndroidManifest.xml:26:13-52
269
270        <provider
270-->[com.github.AnchorFreePartner.hydra-sdk-android:sdk-core:3.6.3] AndroidManifest.xml:28:9-32:39
271            android:name="com.anchorfree.sdk.UnifiedSDKInitProviderMain"
271-->[com.github.AnchorFreePartner.hydra-sdk-android:sdk-core:3.6.3] AndroidManifest.xml:29:13-73